# JRE version: OpenJDK Runtime Environment Temurin-11.0.18+10 (11.0.18+10) (build 11.0.18+10)
# Java VM: OpenJDK 64-Bit Server VM Temurin-11.0.18+10 (11.0.18+10, mixed mode, tiered, compressed oops, g1 gc, windows-amd64)
Heap:
 garbage-first heap   total 536576K, used 381952K [0x00000000c0000000, 0x0000000100000000)
  region size 1024K, 151 young (154624K), 2 survivors (2048K)
 Metaspace       used 46196K, capacity 47865K, committed 48384K, reserved 1091584K
  class space    used 4536K, capacity 5232K, committed 5376K, reserved 1048576K
GC Heap History (20 events):
Event: 65.975 GC heap before
{Heap before GC invocations=61 (full 0):
 garbage-first heap   total 351232K, used 268131K [0x00000000c0000000, 0x0000000100000000)
  region size 1024K, 156 young (159744K), 21 survivors (21504K)
 Metaspace       used 46005K, capacity 47601K, committed 48384K, reserved 1091584K
  class space    used 4523K, capacity 5187K, committed 5376K, reserved 1048576K
}
Event: 66.030 GC heap after
{Heap after GC invocations=62 (full 0):
 garbage-first heap   total 407552K, used 158410K [0x00000000c0000000, 0x0000000100000000)
  region size 1024K, 20 young (20480K), 20 survivors (20480K)
 Metaspace       used 46005K, capacity 47601K, committed 48384K, reserved 1091584K
  class space    used 4523K, capacity 5187K, committed 5376K, reserved 1048576K
}
Event: 66.342 GC heap before
{Heap before GC invocations=62 (full 0):
 garbage-first heap   total 407552K, used 300746K [0x00000000c0000000, 0x0000000100000000)
  region size 1024K, 159 young (162816K), 20 survivors (20480K)
 Metaspace       used 46013K, capacity 47601K, committed 48384K, reserved 1091584K
  class space    used 4523K, capacity 5187K, committed 5376K, reserved 1048576K
}
Event: 66.371 GC heap after
{Heap after GC invocations=63 (full 0):
 garbage-first heap   total 407552K, used 164864K [0x00000000c0000000, 0x0000000100000000)
  region size 1024K, 5 young (5120K), 5 survivors (5120K)
 Metaspace       used 46013K, capacity 47601K, committed 48384K, reserved 1091584K
  class space    used 4523K, capacity 5187K, committed 5376K, reserved 1048576K
}
Event: 66.488 GC heap before
{Heap before GC invocations=63 (full 0):
 garbage-first heap   total 407552K, used 309248K [0x00000000c0000000, 0x0000000100000000)
  region size 1024K, 146 young (149504K), 5 survivors (5120K)
 Metaspace       used 46013K, capacity 47601K, committed 48384K, reserved 1091584K
  class space    used 4523K, capacity 5187K, committed 5376K, reserved 1048576K
}
Event: 66.498 GC heap after
{Heap after GC invocations=64 (full 0):
 garbage-first heap   total 407552K, used 164229K [0x00000000c0000000, 0x0000000100000000)
  region size 1024K, 5 young (5120K), 5 survivors (5120K)
 Metaspace       used 46013K, capacity 47601K, committed 48384K, reserved 1091584K
  class space    used 4523K, capacity 5187K, committed 5376K, reserved 1048576K
}
Event: 66.623 GC heap before
{Heap before GC invocations=64 (full 0):
 garbage-first heap   total 407552K, used 313733K [0x00000000c0000000, 0x0000000100000000)
  region size 1024K, 151 young (154624K), 5 survivors (5120K)
 Metaspace       used 46013K, capacity 47601K, committed 48384K, reserved 1091584K
  class space    used 4523K, capacity 5187K, committed 5376K, reserved 1048576K
}
Event: 66.631 GC heap after
{Heap after GC invocations=65 (full 0):
 garbage-first heap   total 407552K, used 164335K [0x00000000c0000000, 0x0000000100000000)
  region size 1024K, 5 young (5120K), 5 survivors (5120K)
 Metaspace       used 46013K, capacity 47601K, committed 48384K, reserved 1091584K
  class space    used 4523K, capacity 5187K, committed 5376K, reserved 1048576K
}
Event: 66.776 GC heap before
{Heap before GC invocations=65 (full 0):
 garbage-first heap   total 407552K, used 317935K [0x00000000c0000000, 0x0000000100000000)
  region size 1024K, 155 young (158720K), 5 survivors (5120K)
 Metaspace       used 46013K, capacity 47601K, committed 48384K, reserved 1091584K
  class space    used 4523K, capacity 5187K, committed 5376K, reserved 1048576K
}
Event: 66.784 GC heap after
{Heap after GC invocations=66 (full 0):
 garbage-first heap   total 407552K, used 164268K [0x00000000c0000000, 0x0000000100000000)
  region size 1024K, 5 young (5120K), 5 survivors (5120K)
 Metaspace       used 46013K, capacity 47601K, committed 48384K, reserved 1091584K
  class space    used 4523K, capacity 5187K, committed 5376K, reserved 1048576K
}
Event: 66.952 GC heap before
{Heap before GC invocations=66 (full 0):
 garbage-first heap   total 407552K, used 322988K [0x00000000c0000000, 0x0000000100000000)
  region size 1024K, 160 young (163840K), 5 survivors (5120K)
 Metaspace       used 46013K, capacity 47601K, committed 48384K, reserved 1091584K
  class space    used 4523K, capacity 5187K, committed 5376K, reserved 1048576K
}
Event: 66.961 GC heap after
{Heap after GC invocations=67 (full 0):
 garbage-first heap   total 407552K, used 164252K [0x00000000c0000000, 0x0000000100000000)
  region size 1024K, 5 young (5120K), 5 survivors (5120K)
 Metaspace       used 46013K, capacity 47601K, committed 48384K, reserved 1091584K
  class space    used 4523K, capacity 5187K, committed 5376K, reserved 1048576K
}
Event: 67.346 GC heap before
{Heap before GC invocations=67 (full 0):
 garbage-first heap   total 407552K, used 328092K [0x00000000c0000000, 0x0000000100000000)
  region size 1024K, 165 young (168960K), 5 survivors (5120K)
 Metaspace       used 46037K, capacity 47666K, committed 48384K, reserved 1091584K
  class space    used 4523K, capacity 5187K, committed 5376K, reserved 1048576K
}
Event: 67.361 GC heap after
{Heap after GC invocations=68 (full 0):
 garbage-first heap   total 407552K, used 166703K [0x00000000c0000000, 0x0000000100000000)
  region size 1024K, 7 young (7168K), 7 survivors (7168K)
 Metaspace       used 46037K, capacity 47666K, committed 48384K, reserved 1091584K
  class space    used 4523K, capacity 5187K, committed 5376K, reserved 1048576K
}
Event: 68.147 GC heap before
{Heap before GC invocations=68 (full 0):
 garbage-first heap   total 407552K, used 332591K [0x00000000c0000000, 0x0000000100000000)
  region size 1024K, 170 young (174080K), 7 survivors (7168K)
 Metaspace       used 46186K, capacity 47865K, committed 48384K, reserved 1091584K
  class space    used 4536K, capacity 5232K, committed 5376K, reserved 1048576K
}
Event: 68.183 GC heap after
{Heap after GC invocations=69 (full 0):
 garbage-first heap   total 407552K, used 195128K [0x00000000c0000000, 0x0000000100000000)
  region size 1024K, 22 young (22528K), 22 survivors (22528K)
 Metaspace       used 46186K, capacity 47865K, committed 48384K, reserved 1091584K
  class space    used 4536K, capacity 5232K, committed 5376K, reserved 1048576K
}
Event: 68.413 GC heap before
{Heap before GC invocations=69 (full 0):
 garbage-first heap   total 407552K, used 332344K [0x00000000c0000000, 0x0000000100000000)
  region size 1024K, 156 young (159744K), 22 survivors (22528K)
 Metaspace       used 46196K, capacity 47865K, committed 48384K, reserved 1091584K
  class space    used 4536K, capacity 5232K, committed 5376K, reserved 1048576K
}
Event: 68.473 GC heap after
{Heap after GC invocations=70 (full 0):
 garbage-first heap   total 407552K, used 226304K [0x00000000c0000000, 0x0000000100000000)
  region size 1024K, 20 young (20480K), 20 survivors (20480K)
 Metaspace       used 46196K, capacity 47865K, committed 48384K, reserved 1091584K
  class space    used 4536K, capacity 5232K, committed 5376K, reserved 1048576K
}
Event: 68.549 GC heap before
{Heap before GC invocations=70 (full 0):
 garbage-first heap   total 407552K, used 329728K [0x00000000c0000000, 0x0000000100000000)
  region size 1024K, 121 young (123904K), 20 survivors (20480K)
 Metaspace       used 46196K, capacity 47865K, committed 48384K, reserved 1091584K
  class space    used 4536K, capacity 5232K, committed 5376K, reserved 1048576K
}
Event: 68.583 GC heap after
{Heap after GC invocations=71 (full 0):
 garbage-first heap   total 536576K, used 229376K [0x00000000c0000000, 0x0000000100000000)
  region size 1024K, 2 young (2048K), 2 survivors (2048K)
 Metaspace       used 46196K, capacity 47865K, committed 48384K, reserved 1091584K
  class space    used 4536K, capacity 5232K, committed 5376K, reserved 1048576K
}

