# JRE version: OpenJDK Runtime Environment Temurin-11.0.18+10 (11.0.18+10) (build 11.0.18+10)
# Java VM: OpenJDK 64-Bit Server VM Temurin-11.0.18+10 (11.0.18+10, mixed mode, tiered, compressed oops, g1 gc, windows-amd64)
Heap:
 garbage-first heap   total 262144K, used 193438K [0x00000000c0000000, 0x0000000100000000)
  region size 1024K, 102 young (104448K), 13 survivors (13312K)
 Metaspace       used 43367K, capacity 44675K, committed 44928K, reserved 1089536K
  class space    used 4344K, capacity 4887K, committed 4992K, reserved 1048576K
GC Heap History (20 events):
Event: 2.293 GC heap after
{Heap after GC invocations=3 (full 0):
 garbage-first heap   total 262144K, used 13825K [0x00000000c0000000, 0x0000000100000000)
  region size 1024K, 3 young (3072K), 3 survivors (3072K)
 Metaspace       used 20056K, capacity 20456K, committed 20608K, reserved 1067008K
  class space    used 1947K, capacity 2090K, committed 2176K, reserved 1048576K
}
Event: 2.431 GC heap before
{Heap before GC invocations=3 (full 0):
 garbage-first heap   total 262144K, used 22017K [0x00000000c0000000, 0x0000000100000000)
  region size 1024K, 12 young (12288K), 3 survivors (3072K)
 Metaspace       used 20722K, capacity 21090K, committed 21248K, reserved 1069056K
  class space    used 2043K, capacity 2193K, committed 2304K, reserved 1048576K
}
Event: 2.437 GC heap after
{Heap after GC invocations=4 (full 0):
 garbage-first heap   total 262144K, used 14456K [0x00000000c0000000, 0x0000000100000000)
  region size 1024K, 4 young (4096K), 4 survivors (4096K)
 Metaspace       used 20722K, capacity 21090K, committed 21248K, reserved 1069056K
  class space    used 2043K, capacity 2193K, committed 2304K, reserved 1048576K
}
Event: 3.278 GC heap before
{Heap before GC invocations=5 (full 0):
 garbage-first heap   total 262144K, used 54392K [0x00000000c0000000, 0x0000000100000000)
  region size 1024K, 43 young (44032K), 4 survivors (4096K)
 Metaspace       used 26096K, capacity 26632K, committed 26880K, reserved 1073152K
  class space    used 2833K, capacity 3060K, committed 3072K, reserved 1048576K
}
Event: 3.285 GC heap after
{Heap after GC invocations=6 (full 0):
 garbage-first heap   total 262144K, used 16265K [0x00000000c0000000, 0x0000000100000000)
  region size 1024K, 5 young (5120K), 5 survivors (5120K)
 Metaspace       used 26096K, capacity 26632K, committed 26880K, reserved 1073152K
  class space    used 2833K, capacity 3060K, committed 3072K, reserved 1048576K
}
Event: 5.486 GC heap before
{Heap before GC invocations=6 (full 0):
 garbage-first heap   total 262144K, used 136073K [0x00000000c0000000, 0x0000000100000000)
  region size 1024K, 124 young (126976K), 5 survivors (5120K)
 Metaspace       used 34967K, capacity 35771K, committed 35840K, reserved 1081344K
  class space    used 3724K, capacity 4054K, committed 4096K, reserved 1048576K
}
Event: 5.522 GC heap after
{Heap after GC invocations=7 (full 0):
 garbage-first heap   total 262144K, used 36334K [0x00000000c0000000, 0x0000000100000000)
  region size 1024K, 20 young (20480K), 20 survivors (20480K)
 Metaspace       used 34967K, capacity 35771K, committed 35840K, reserved 1081344K
  class space    used 3724K, capacity 4054K, committed 4096K, reserved 1048576K
}
Event: 6.637 GC heap before
{Heap before GC invocations=8 (full 0):
 garbage-first heap   total 262144K, used 114158K [0x00000000c0000000, 0x0000000100000000)
  region size 1024K, 96 young (98304K), 20 survivors (20480K)
 Metaspace       used 40238K, capacity 41365K, committed 41600K, reserved 1085440K
  class space    used 4201K, capacity 4671K, committed 4736K, reserved 1048576K
}
Event: 6.696 GC heap after
{Heap after GC invocations=9 (full 0):
 garbage-first heap   total 262144K, used 50416K [0x00000000c0000000, 0x0000000100000000)
  region size 1024K, 12 young (12288K), 12 survivors (12288K)
 Metaspace       used 40238K, capacity 41365K, committed 41600K, reserved 1085440K
  class space    used 4201K, capacity 4671K, committed 4736K, reserved 1048576K
}
Event: 7.725 GC heap before
{Heap before GC invocations=10 (full 0):
 garbage-first heap   total 262144K, used 145648K [0x00000000c0000000, 0x0000000100000000)
  region size 1024K, 105 young (107520K), 12 survivors (12288K)
 Metaspace       used 40794K, capacity 42088K, committed 42240K, reserved 1087488K
  class space    used 4271K, capacity 4801K, committed 4864K, reserved 1048576K
}
Event: 7.757 GC heap after
{Heap after GC invocations=11 (full 0):
 garbage-first heap   total 262144K, used 60928K [0x00000000c0000000, 0x0000000100000000)
  region size 1024K, 11 young (11264K), 11 survivors (11264K)
 Metaspace       used 40794K, capacity 42088K, committed 42240K, reserved 1087488K
  class space    used 4271K, capacity 4801K, committed 4864K, reserved 1048576K
}
Event: 8.905 GC heap before
{Heap before GC invocations=11 (full 0):
 garbage-first heap   total 262144K, used 163328K [0x00000000c0000000, 0x0000000100000000)
  region size 1024K, 111 young (113664K), 11 survivors (11264K)
 Metaspace       used 41892K, capacity 43162K, committed 43264K, reserved 1087488K
  class space    used 4293K, capacity 4828K, committed 4864K, reserved 1048576K
}
Event: 8.931 GC heap after
{Heap after GC invocations=12 (full 0):
 garbage-first heap   total 262144K, used 73216K [0x00000000c0000000, 0x0000000100000000)
  region size 1024K, 14 young (14336K), 14 survivors (14336K)
 Metaspace       used 41892K, capacity 43162K, committed 43264K, reserved 1087488K
  class space    used 4293K, capacity 4828K, committed 4864K, reserved 1048576K
}
Event: 9.920 GC heap before
{Heap before GC invocations=12 (full 0):
 garbage-first heap   total 262144K, used 172544K [0x00000000c0000000, 0x0000000100000000)
  region size 1024K, 112 young (114688K), 14 survivors (14336K)
 Metaspace       used 42727K, capacity 44042K, committed 44160K, reserved 1089536K
  class space    used 4338K, capacity 4880K, committed 4992K, reserved 1048576K
}
Event: 9.947 GC heap after
{Heap after GC invocations=13 (full 0):
 garbage-first heap   total 262144K, used 87040K [0x00000000c0000000, 0x0000000100000000)
  region size 1024K, 13 young (13312K), 13 survivors (13312K)
 Metaspace       used 42727K, capacity 44042K, committed 44160K, reserved 1089536K
  class space    used 4338K, capacity 4880K, committed 4992K, reserved 1048576K
}
Event: 10.721 GC heap before
{Heap before GC invocations=13 (full 0):
 garbage-first heap   total 262144K, used 183296K [0x00000000c0000000, 0x0000000100000000)
  region size 1024K, 108 young (110592K), 13 survivors (13312K)
 Metaspace       used 43034K, capacity 44404K, committed 44672K, reserved 1089536K
  class space    used 4340K, capacity 4885K, committed 4992K, reserved 1048576K
}
Event: 10.734 GC heap after
{Heap after GC invocations=14 (full 0):
 garbage-first heap   total 262144K, used 86528K [0x00000000c0000000, 0x0000000100000000)
  region size 1024K, 9 young (9216K), 9 survivors (9216K)
 Metaspace       used 43034K, capacity 44404K, committed 44672K, reserved 1089536K
  class space    used 4340K, capacity 4885K, committed 4992K, reserved 1048576K
}
Event: 11.451 GC heap before
{Heap before GC invocations=14 (full 0):
 garbage-first heap   total 262144K, used 184832K [0x00000000c0000000, 0x0000000100000000)
  region size 1024K, 106 young (108544K), 9 survivors (9216K)
 Metaspace       used 43225K, capacity 44542K, committed 44672K, reserved 1089536K
  class space    used 4343K, capacity 4886K, committed 4992K, reserved 1048576K
}
Event: 11.472 GC heap after
{Heap after GC invocations=15 (full 0):
 garbage-first heap   total 262144K, used 102302K [0x00000000c0000000, 0x0000000100000000)
  region size 1024K, 14 young (14336K), 14 survivors (14336K)
 Metaspace       used 43225K, capacity 44542K, committed 44672K, reserved 1089536K
  class space    used 4343K, capacity 4886K, committed 4992K, reserved 1048576K
}
Event: 11.776 GC heap before
{Heap before GC invocations=15 (full 0):
 garbage-first heap   total 262144K, used 193438K [0x00000000c0000000, 0x0000000100000000)
  region size 1024K, 103 young (105472K), 14 survivors (14336K)
 Metaspace       used 43367K, capacity 44675K, committed 44928K, reserved 1089536K
  class space    used 4344K, capacity 4887K, committed 4992K, reserved 1048576K
}

